<?xml version='1.0'?>
<ns2:test-suite xmlns:ns2='urn:model.allure.qatools.yandex.ru' start='1633266278099' stop='1633266338426'>
    <name>The Internet Guinea Pig Website: As a user, I should able to login</name>
    <title>The Internet Guinea Pig Website: As a user, I should able to login</title>
    <test-cases>
        <test-case start='1633266278099' status='passed' stop='1633266278101'>
            <name></name>
            <title></title>
            <labels>
                <label name='language' value='javascript'/>
                <label name='framework' value='wdio'/>
                <label name='thread' value='0-0'/>
            </labels>
            <parameters>
                <parameter kind='argument' name='browser' value='chrome-94.0.4606.71'/>
            </parameters>
            <steps/>
            <attachments/>
        </test-case>
        <test-case start='1633266278101' status='broken' stop='1633266338416'>
            <name>Given I am on the login page</name>
            <title>Given I am on the login page</title>
            <labels>
                <label name='language' value='javascript'/>
                <label name='framework' value='wdio'/>
                <label name='thread' value='0-0'/>
            </labels>
            <parameters>
                <parameter kind='argument' name='browser' value='chrome-94.0.4606.71'/>
            </parameters>
            <steps>
                <step start='1633266278103' status='broken' stop='1633266338415'>
                    <name>POST /session/:sessionId/url</name>
                    <title>POST /session/:sessionId/url</title>
                    <attachments>
                        <attachment title='Request' source='96c00245-6bf8-458e-a1d8-52537f517b78-attachment.json' type='application/json' size='54'/>
                    </attachments>
                    <steps/>
                </step>
            </steps>
            <attachments/>
            <failure>
                <message>Error: function timed out, ensure the promise resolves within 60000 milliseconds</message>
                <stack-trace>Error: function timed out, ensure the promise resolves within 60000 milliseconds
                    at Timeout._onTimeout (C:\Users\Sajjan\Desktop\WebIO\node_modules\@cucumber\cucumber\src\user_code_runner.ts:80:18)
                    at listOnTimeout (internal/timers.js:557:17)
                    at processTimers (internal/timers.js:500:7)</stack-trace>
            </failure>
        </test-case>
        <test-case start='1633266338417' status='pending' stop='1633266338419'>
            <name>When I click on signin link</name>
            <title>When I click on signin link</title>
            <labels>
                <label name='language' value='javascript'/>
                <label name='framework' value='wdio'/>
                <label name='thread' value='0-0'/>
            </labels>
            <parameters>
                <parameter kind='argument' name='browser' value='chrome-94.0.4606.71'/>
            </parameters>
            <steps/>
            <attachments/>
        </test-case>
        <test-case start='1633266338419' status='broken' stop='1633266338421'>
            <name>And I login with test456@xyz.com and 4test4</name>
            <title>And I login with test456@xyz.com and 4test4</title>
            <labels>
                <label name='language' value='javascript'/>
                <label name='framework' value='wdio'/>
                <label name='thread' value='0-0'/>
            </labels>
            <parameters>
                <parameter kind='argument' name='browser' value='chrome-94.0.4606.71'/>
            </parameters>
            <steps/>
            <attachments/>
            <failure>
                <message>Step "I login with test456@xyz.com and 4test4" is not defined. You can ignore this error by setting cucumberOpts.ignoreUndefinedDefinitions as true.</message>
                <stack-trace>Step "I login with test456@xyz.com and 4test4" is not defined. You can ignore this error by setting cucumberOpts.ignoreUndefinedDefinitions as true.
                	at Feature(C:\Users\Sajjan\Desktop\WebIO\features\login.feature):1:1
                	at Scenario(As a user, I should able to login):13:5
                	at Step(I login with &lt;username> and &lt;password>):17:5
                </stack-trace>
            </failure>
        </test-case>
        <test-case start='1633266338422' status='pending' stop='1633266338422'>
            <name>Then I should see a home page</name>
            <title>Then I should see a home page</title>
            <labels>
                <label name='language' value='javascript'/>
                <label name='framework' value='wdio'/>
                <label name='thread' value='0-0'/>
            </labels>
            <parameters>
                <parameter kind='argument' name='browser' value='chrome-94.0.4606.71'/>
            </parameters>
            <steps/>
            <attachments/>
        </test-case>
        <test-case start='1633266338423' status='passed' stop='1633266338425'>
            <name></name>
            <title></title>
            <labels>
                <label name='language' value='javascript'/>
                <label name='framework' value='wdio'/>
                <label name='thread' value='0-0'/>
            </labels>
            <parameters>
                <parameter kind='argument' name='browser' value='chrome-94.0.4606.71'/>
            </parameters>
            <steps/>
            <attachments/>
        </test-case>
    </test-cases>
</ns2:test-suite>