<?xml version='1.0'?>
<ns2:test-suite xmlns:ns2='urn:model.allure.qatools.yandex.ru' start='1633264947468' stop='1633265013180'>
    <name>The Internet Guinea Pig Website: As a user, I should able to login</name>
    <title>The Internet Guinea Pig Website: As a user, I should able to login</title>
    <test-cases>
        <test-case start='1633264947468' status='passed' stop='1633264947469'>
            <name></name>
            <title></title>
            <labels>
                <label name='language' value='javascript'/>
                <label name='framework' value='wdio'/>
                <label name='thread' value='0-0'/>
            </labels>
            <parameters>
                <parameter kind='argument' name='browser' value='chrome-94.0.4606.71'/>
            </parameters>
            <steps/>
            <attachments/>
        </test-case>
        <test-case start='1633264947469' status='passed' stop='1633264952486'>
            <name>Given I am on the login page</name>
            <title>Given I am on the login page</title>
            <labels>
                <label name='language' value='javascript'/>
                <label name='framework' value='wdio'/>
                <label name='thread' value='0-0'/>
            </labels>
            <parameters>
                <parameter kind='argument' name='browser' value='chrome-94.0.4606.71'/>
            </parameters>
            <steps>
                <step start='1633264947470' status='passed' stop='1633264952483'>
                    <name>POST /session/:sessionId/url</name>
                    <title>POST /session/:sessionId/url</title>
                    <attachments>
                        <attachment title='Request' source='fb7c982f-9d37-4b5d-ac68-39c5e128a65f-attachment.json' type='application/json' size='54'/>
                    </attachments>
                    <steps/>
                </step>
            </steps>
            <attachments/>
        </test-case>
        <test-case start='1633264952486' status='broken' stop='1633265013170'>
            <name>When I click on signin link</name>
            <title>When I click on signin link</title>
            <labels>
                <label name='language' value='javascript'/>
                <label name='framework' value='wdio'/>
                <label name='thread' value='0-0'/>
            </labels>
            <parameters>
                <parameter kind='argument' name='browser' value='chrome-94.0.4606.71'/>
            </parameters>
            <steps>
                <step start='1633264952488' status='broken' stop='1633265013169'>
                    <name>POST /session/:sessionId/element</name>
                    <title>POST /session/:sessionId/element</title>
                    <attachments>
                        <attachment title='Request' source='be2953c1-2be4-4a0c-ad4e-554047f603e6-attachment.json' type='application/json' size='106'/>
                    </attachments>
                    <steps>
                        <step start='1633264952569' status='passed' stop='1633264952778'>
                            <name>POST /session/:sessionId/window/maximize</name>
                            <title>POST /session/:sessionId/window/maximize</title>
                            <attachments>
                                <attachment title='Response' source='8a1cd517-3fcf-417d-8220-7bc1ab36d477-attachment.json' type='application/json' size='83'/>
                            </attachments>
                            <steps/>
                        </step>
                        <step start='1633264952801' status='passed' stop='1633264952874'>
                            <name>POST /session/:sessionId/element/58003d79-8091-42f3-85c8-cbaf0bfd9839/click</name>
                            <title>POST /session/:sessionId/element/58003d79-8091-42f3-85c8-cbaf0bfd9839/click</title>
                            <attachments>
                                <attachment title='Response' source='23f238b2-db1b-4933-875e-7d61131e5002-attachment.json' type='application/json' size='58'/>
                            </attachments>
                            <steps/>
                        </step>
                    </steps>
                </step>
            </steps>
            <attachments/>
            <failure>
                <message>Error: function timed out, ensure the promise resolves within 60000 milliseconds</message>
                <stack-trace>Error: function timed out, ensure the promise resolves within 60000 milliseconds
                    at Timeout._onTimeout (C:\Users\Sajjan\Desktop\WebIO\node_modules\@cucumber\cucumber\src\user_code_runner.ts:80:18)
                    at listOnTimeout (internal/timers.js:557:17)
                    at processTimers (internal/timers.js:500:7)</stack-trace>
            </failure>
        </test-case>
        <test-case start='1633265013171' status='broken' stop='1633265013173'>
            <name>When I login with test456@xyz.com and 4test4</name>
            <title>When I login with test456@xyz.com and 4test4</title>
            <labels>
                <label name='language' value='javascript'/>
                <label name='framework' value='wdio'/>
                <label name='thread' value='0-0'/>
            </labels>
            <parameters>
                <parameter kind='argument' name='browser' value='chrome-94.0.4606.71'/>
            </parameters>
            <steps/>
            <attachments/>
            <failure>
                <message>Step "I login with test456@xyz.com and 4test4" is not defined. You can ignore this error by setting cucumberOpts.ignoreUndefinedDefinitions as true.</message>
                <stack-trace>Step "I login with test456@xyz.com and 4test4" is not defined. You can ignore this error by setting cucumberOpts.ignoreUndefinedDefinitions as true.
                	at Feature(C:\Users\Sajjan\Desktop\WebIO\features\login.feature):1:1
                	at Scenario(As a user, I should able to login):13:5
                	at Step(I login with &lt;username> and &lt;password>):17:5
                </stack-trace>
            </failure>
        </test-case>
        <test-case start='1633265013174' status='pending' stop='1633265013176'>
            <name>Then I should see a home page</name>
            <title>Then I should see a home page</title>
            <labels>
                <label name='language' value='javascript'/>
                <label name='framework' value='wdio'/>
                <label name='thread' value='0-0'/>
            </labels>
            <parameters>
                <parameter kind='argument' name='browser' value='chrome-94.0.4606.71'/>
            </parameters>
            <steps/>
            <attachments/>
        </test-case>
        <test-case start='1633265013177' status='passed' stop='1633265013179'>
            <name></name>
            <title></title>
            <labels>
                <label name='language' value='javascript'/>
                <label name='framework' value='wdio'/>
                <label name='thread' value='0-0'/>
            </labels>
            <parameters>
                <parameter kind='argument' name='browser' value='chrome-94.0.4606.71'/>
            </parameters>
            <steps/>
            <attachments/>
        </test-case>
    </test-cases>
</ns2:test-suite>