<?xml version='1.0'?>
<ns2:test-suite xmlns:ns2='urn:model.allure.qatools.yandex.ru' start='1633271448313' stop='1633271453078'>
    <name>The Internet Guinea Pig Website: As a user, I should able to login</name>
    <title>The Internet Guinea Pig Website: As a user, I should able to login</title>
    <test-cases>
        <test-case start='1633271448313' status='passed' stop='1633271448314'>
            <name></name>
            <title></title>
            <labels>
                <label name='language' value='javascript'/>
                <label name='framework' value='wdio'/>
                <label name='thread' value='0-0'/>
            </labels>
            <parameters>
                <parameter kind='argument' name='browser' value='chrome-94.0.4606.71'/>
            </parameters>
            <steps/>
            <attachments/>
        </test-case>
        <test-case start='1633271448314' status='passed' stop='1633271451267'>
            <name>Given I am on the login page</name>
            <title>Given I am on the login page</title>
            <labels>
                <label name='language' value='javascript'/>
                <label name='framework' value='wdio'/>
                <label name='thread' value='0-0'/>
            </labels>
            <parameters>
                <parameter kind='argument' name='browser' value='chrome-94.0.4606.71'/>
            </parameters>
            <steps>
                <step start='1633271448315' status='passed' stop='1633271451265'>
                    <name>POST /session/:sessionId/url</name>
                    <title>POST /session/:sessionId/url</title>
                    <attachments>
                        <attachment title='Request' source='67f76c1d-2f96-4463-ac0c-58086f108081-attachment.json' type='application/json' size='54'/>
                    </attachments>
                    <steps/>
                </step>
            </steps>
            <attachments/>
        </test-case>
        <test-case start='1633271451267' status='passed' stop='1633271453060'>
            <name>When I click on signin link</name>
            <title>When I click on signin link</title>
            <labels>
                <label name='language' value='javascript'/>
                <label name='framework' value='wdio'/>
                <label name='thread' value='0-0'/>
            </labels>
            <parameters>
                <parameter kind='argument' name='browser' value='chrome-94.0.4606.71'/>
            </parameters>
            <steps>
                <step start='1633271451269' status='passed' stop='1633271453059'>
                    <name>POST /session/:sessionId/element</name>
                    <title>POST /session/:sessionId/element</title>
                    <attachments>
                        <attachment title='Request' source='7cd90510-4815-45d2-9889-9d25c3fc94f3-attachment.json' type='application/json' size='106'/>
                    </attachments>
                    <steps>
                        <step start='1633271451314' status='passed' stop='1633271451463'>
                            <name>POST /session/:sessionId/window/maximize</name>
                            <title>POST /session/:sessionId/window/maximize</title>
                            <attachments>
                                <attachment title='Response' source='948b55e4-cca3-436f-947a-79a9ede0ccaf-attachment.json' type='application/json' size='83'/>
                            </attachments>
                            <steps/>
                        </step>
                        <step start='1633271451474' status='passed' stop='1633271451488'>
                            <name>POST /session/:sessionId/element/ed7d41f1-8978-4716-a225-f3ea459b3206/click</name>
                            <title>POST /session/:sessionId/element/ed7d41f1-8978-4716-a225-f3ea459b3206/click</title>
                            <attachments>
                                <attachment title='Response' source='6c1f7038-7102-4f49-9354-ed0c66d05af2-attachment.json' type='application/json' size='58'/>
                            </attachments>
                            <steps/>
                        </step>
                    </steps>
                </step>
            </steps>
            <attachments/>
        </test-case>
        <test-case start='1633271453060' status='broken' stop='1633271453062'>
            <name>And I login with test456@xyz.com and 4test4</name>
            <title>And I login with test456@xyz.com and 4test4</title>
            <labels>
                <label name='language' value='javascript'/>
                <label name='framework' value='wdio'/>
                <label name='thread' value='0-0'/>
            </labels>
            <parameters>
                <parameter kind='argument' name='browser' value='chrome-94.0.4606.71'/>
            </parameters>
            <steps/>
            <attachments/>
            <failure>
                <message>Step "I login with test456@xyz.com and 4test4" is not defined. You can ignore this error by setting cucumberOpts.ignoreUndefinedDefinitions as true.</message>
                <stack-trace>Step "I login with test456@xyz.com and 4test4" is not defined. You can ignore this error by setting cucumberOpts.ignoreUndefinedDefinitions as true.
                	at Feature(C:\Users\Sajjan\Desktop\WebIO\features\login.feature):1:1
                	at Scenario(As a user, I should able to login):13:5
                	at Step(I login with &lt;username> and &lt;password>):17:5
                </stack-trace>
            </failure>
        </test-case>
        <test-case start='1633271453063' status='broken' stop='1633271453076'>
            <name>Then I should see a home page</name>
            <title>Then I should see a home page</title>
            <labels>
                <label name='language' value='javascript'/>
                <label name='framework' value='wdio'/>
                <label name='thread' value='0-0'/>
            </labels>
            <parameters>
                <parameter kind='argument' name='browser' value='chrome-94.0.4606.71'/>
            </parameters>
            <steps/>
            <attachments/>
            <failure>
                <message>Step "I should see a home page" is not defined. You can ignore this error by setting cucumberOpts.ignoreUndefinedDefinitions as true.</message>
                <stack-trace>Step "I should see a home page" is not defined. You can ignore this error by setting cucumberOpts.ignoreUndefinedDefinitions as true.
                	at Feature(C:\Users\Sajjan\Desktop\WebIO\features\login.feature):1:1
                	at Scenario(As a user, I should able to login):13:5
                	at Step(I should see a home page):18:5
                </stack-trace>
            </failure>
        </test-case>
        <test-case start='1633271453076' status='passed' stop='1633271453077'>
            <name></name>
            <title></title>
            <labels>
                <label name='language' value='javascript'/>
                <label name='framework' value='wdio'/>
                <label name='thread' value='0-0'/>
            </labels>
            <parameters>
                <parameter kind='argument' name='browser' value='chrome-94.0.4606.71'/>
            </parameters>
            <steps/>
            <attachments/>
        </test-case>
    </test-cases>
</ns2:test-suite>