<?xml version='1.0'?>
<ns2:test-suite xmlns:ns2='urn:model.allure.qatools.yandex.ru' start='1633270208125' stop='1633270233540'>
    <name>Login to application: As a user, I should able to login</name>
    <title>Login to application: As a user, I should able to login</title>
    <test-cases>
        <test-case start='1633270208127' status='passed' stop='1633270208133'>
            <name></name>
            <title></title>
            <labels>
                <label name='language' value='javascript'/>
                <label name='framework' value='wdio'/>
                <label name='thread' value='0-0'/>
            </labels>
            <parameters>
                <parameter kind='argument' name='browser' value='chrome-94.0.4606.71'/>
            </parameters>
            <steps/>
            <attachments/>
        </test-case>
        <test-case start='1633270208133' status='passed' stop='1633270220699'>
            <name>Given I am on the login page</name>
            <title>Given I am on the login page</title>
            <labels>
                <label name='language' value='javascript'/>
                <label name='framework' value='wdio'/>
                <label name='thread' value='0-0'/>
            </labels>
            <parameters>
                <parameter kind='argument' name='browser' value='chrome-94.0.4606.71'/>
            </parameters>
            <steps>
                <step start='1633270208169' status='passed' stop='1633270220689'>
                    <name>POST /session/:sessionId/url</name>
                    <title>POST /session/:sessionId/url</title>
                    <attachments>
                        <attachment title='Request' source='1b92951c-eaef-4ae7-b420-9d16b067b5a3-attachment.json' type='application/json' size='54'/>
                    </attachments>
                    <steps/>
                </step>
            </steps>
            <attachments/>
        </test-case>
        <test-case start='1633270220700' status='passed' stop='1633270233530'>
            <name>When I click on signin link</name>
            <title>When I click on signin link</title>
            <labels>
                <label name='language' value='javascript'/>
                <label name='framework' value='wdio'/>
                <label name='thread' value='0-0'/>
            </labels>
            <parameters>
                <parameter kind='argument' name='browser' value='chrome-94.0.4606.71'/>
            </parameters>
            <steps>
                <step start='1633270220722' status='passed' stop='1633270233511'>
                    <name>POST /session/:sessionId/element</name>
                    <title>POST /session/:sessionId/element</title>
                    <attachments>
                        <attachment title='Request' source='869c40f9-fe0c-498c-b25c-f1f7d56da18b-attachment.json' type='application/json' size='106'/>
                    </attachments>
                    <steps>
                        <step start='1633270220816' status='passed' stop='1633270223016'>
                            <name>POST /session/:sessionId/window/maximize</name>
                            <title>POST /session/:sessionId/window/maximize</title>
                            <attachments>
                                <attachment title='Response' source='068f936b-62d2-4263-a525-c8f82adb645d-attachment.json' type='application/json' size='83'/>
                            </attachments>
                            <steps/>
                        </step>
                        <step start='1633270223068' status='passed' stop='1633270224937'>
                            <name>POST /session/:sessionId/element/a96db275-56a5-4cf8-9274-930db775dfc5/click</name>
                            <title>POST /session/:sessionId/element/a96db275-56a5-4cf8-9274-930db775dfc5/click</title>
                            <attachments>
                                <attachment title='Response' source='990f06b5-7c40-4651-8a6c-217e4d904209-attachment.json' type='application/json' size='58'/>
                            </attachments>
                            <steps/>
                        </step>
                    </steps>
                </step>
            </steps>
            <attachments/>
        </test-case>
        <test-case start='1633270233531' status='broken' stop='1633270233534'>
            <name>And I login with test456@xyz.com and 4test4</name>
            <title>And I login with test456@xyz.com and 4test4</title>
            <labels>
                <label name='language' value='javascript'/>
                <label name='framework' value='wdio'/>
                <label name='thread' value='0-0'/>
            </labels>
            <parameters>
                <parameter kind='argument' name='browser' value='chrome-94.0.4606.71'/>
            </parameters>
            <steps/>
            <attachments/>
            <failure>
                <message>Step "I login with test456@xyz.com and 4test4" is not defined. You can ignore this error by setting cucumberOpts.ignoreUndefinedDefinitions as true.</message>
                <stack-trace>Step "I login with test456@xyz.com and 4test4" is not defined. You can ignore this error by setting cucumberOpts.ignoreUndefinedDefinitions as true.
                	at Feature(C:\Users\Sajjan\Desktop\WebIO\features\Applicationlogin.feature):1:1
                	at Scenario(As a user, I should able to login):2:2
                	at Step(I login with &lt;username> and &lt;password>):6:5
                </stack-trace>
            </failure>
        </test-case>
        <test-case start='1633270233535' status='broken' stop='1633270233535'>
            <name>Then I should see a home page</name>
            <title>Then I should see a home page</title>
            <labels>
                <label name='language' value='javascript'/>
                <label name='framework' value='wdio'/>
                <label name='thread' value='0-0'/>
            </labels>
            <parameters>
                <parameter kind='argument' name='browser' value='chrome-94.0.4606.71'/>
            </parameters>
            <steps/>
            <attachments/>
            <failure>
                <message>Step "I should see a home page" is not defined. You can ignore this error by setting cucumberOpts.ignoreUndefinedDefinitions as true.</message>
                <stack-trace>Step "I should see a home page" is not defined. You can ignore this error by setting cucumberOpts.ignoreUndefinedDefinitions as true.
                	at Feature(C:\Users\Sajjan\Desktop\WebIO\features\Applicationlogin.feature):1:1
                	at Scenario(As a user, I should able to login):2:2
                	at Step(I should see a home page):7:5
                </stack-trace>
            </failure>
        </test-case>
        <test-case start='1633270233536' status='passed' stop='1633270233537'>
            <name></name>
            <title></title>
            <labels>
                <label name='language' value='javascript'/>
                <label name='framework' value='wdio'/>
                <label name='thread' value='0-0'/>
            </labels>
            <parameters>
                <parameter kind='argument' name='browser' value='chrome-94.0.4606.71'/>
            </parameters>
            <steps/>
            <attachments/>
        </test-case>
    </test-cases>
</ns2:test-suite>